<?xml version="1.0" encoding="UTF-8"?>
<testsuite name="Academy Choucair" tests="1" skipped="0" failures="0" errors="0" timestamp="2020-05-22T16:16:22" hostname="CHMEPPF0HDQR9" time="46.59">
  <properties/>
  <testcase name="search for a automation course" classname="Academy Choucair" time="46.59"/>
  <system-out><![CDATA[Nombre curso when: Automatización de Pruebas
Nombre curso then: Automatización de Pruebas
Nombre curso CA: Automatización de Pruebas
]]></system-out>
  <system-err><![CDATA[may 22, 2020 11:16:25 AM org.openqa.selenium.remote.DesiredCapabilities chrome
INFORMACIÓN: Using `new ChromeOptions()` is preferred to `DesiredCapabilities.chrome()`
[Test worker] INFO net.serenitybdd.core.webdriver.driverproviders.ProvideNewDriver - Instantiating driver
[Test worker] INFO net.serenitybdd.core.webdriver.driverproviders.ProvideNewDriver - Driver capabilities: Capabilities {acceptInsecureCerts: false, browserName: chrome, chrome.switches: --lang=es,--disable-popup-b..., goog:chromeOptions: {args: [--lang=es, --disable-popup-blocking, --disable-download-notifica..., --start-maximized, --test-type, --ignore-certificate-errors, --allow-running-insecure-co..., --disable-translate, --always-authorize-plugins, --disable-extensions, --enable-automation, --test-type], extensions: []}, loggingPrefs: org.openqa.selenium.logging..., platform: ANY, version: }
Starting ChromeDriver 81.0.4044.138 (8c6c7ba89cc9453625af54f11fd83179e23450fa-refs/branch-heads/4044@{#999}) on port 33031
Only local connections are allowed.
Please protect ports used by ChromeDriver and related test frameworks to prevent access by malicious code.
may 22, 2020 11:16:40 AM org.openqa.selenium.remote.ProtocolHandshake createSession
INFORMACIÓN: Detected dialect: W3C
[1590164201.219][SEVERE]: Timed out receiving message from renderer: 0.100
[1590164201.373][SEVERE]: Timed out receiving message from renderer: 0.100
[1590164201.514][SEVERE]: Timed out receiving message from renderer: 0.100
[1590164201.645][SEVERE]: Timed out receiving message from renderer: 0.100
[1590164201.760][SEVERE]: Timed out receiving message from renderer: 0.100
[1590164202.807][SEVERE]: Timed out receiving message from renderer: 0.100
[1590164202.916][SEVERE]: Timed out receiving message from renderer: 0.100
[1590164203.018][SEVERE]: Timed out receiving message from renderer: 0.100
[1590164203.127][SEVERE]: Timed out receiving message from renderer: 0.100
[1590164203.240][SEVERE]: Timed out receiving message from renderer: 0.100
[1590164203.343][SEVERE]: Timed out receiving message from renderer: 0.100
[1590164203.445][SEVERE]: Timed out receiving message from renderer: 0.100
[1590164203.548][SEVERE]: Timed out receiving message from renderer: 0.100
[1590164203.650][SEVERE]: Timed out receiving message from renderer: 0.100
[1590164203.841][SEVERE]: Timed out receiving message from renderer: 0.100
[1590164211.960][SEVERE]: Timed out receiving message from renderer: 0.100
[1590164212.612][SEVERE]: Timed out receiving message from renderer: 0.100
[1590164212.716][SEVERE]: Timed out receiving message from renderer: 0.100
[1590164215.034][SEVERE]: Timed out receiving message from renderer: 0.100
[1590164217.781][SEVERE]: Timed out receiving message from renderer: 0.100
[1590164219.089][SEVERE]: Timed out receiving message from renderer: 0.100
[1590164219.307][SEVERE]: Timed out receiving message from renderer: 0.100
[1590164219.676][SEVERE]: Timed out receiving message from renderer: 0.100
[1590164219.777][SEVERE]: Timed out receiving message from renderer: 0.100
[1590164219.880][SEVERE]: Timed out receiving message from renderer: 0.100
[1590164219.983][SEVERE]: Timed out receiving message from renderer: 0.100
[1590164220.087][SEVERE]: Timed out receiving message from renderer: 0.100
[1590164220.248][SEVERE]: Timed out receiving message from renderer: 0.100
[1590164220.349][SEVERE]: Timed out receiving message from renderer: 0.100
[1590164220.452][SEVERE]: Timed out receiving message from renderer: 0.100
[1590164220.563][SEVERE]: Timed out receiving message from renderer: 0.100
[1590164220.665][SEVERE]: Timed out receiving message from renderer: 0.100
[1590164220.767][SEVERE]: Timed out receiving message from renderer: 0.100
[1590164220.875][SEVERE]: Timed out receiving message from renderer: 0.100
[1590164220.977][SEVERE]: Timed out receiving message from renderer: 0.100
[1590164221.079][SEVERE]: Timed out receiving message from renderer: 0.100
[1590164221.181][SEVERE]: Timed out receiving message from renderer: 0.100
[1590164221.283][SEVERE]: Timed out receiving message from renderer: 0.100
[1590164221.388][SEVERE]: Timed out receiving message from renderer: 0.100
[1590164221.491][SEVERE]: Timed out receiving message from renderer: 0.100
[1590164221.593][SEVERE]: Timed out receiving message from renderer: 0.100
[1590164221.695][SEVERE]: Timed out receiving message from renderer: 0.100
[1590164221.797][SEVERE]: Timed out receiving message from renderer: 0.100
[1590164221.899][SEVERE]: Timed out receiving message from renderer: 0.100
[1590164222.000][SEVERE]: Timed out receiving message from renderer: 0.100
[1590164223.782][SEVERE]: Timed out receiving message from renderer: 0.100
[Test worker] INFO net.thucydides.core.steps.ConsoleLoggingListener - 
        __    _____ _____ ____ _____   ____   _    ____  ____  _____ ____  
  _     \ \  |_   _| ____/ ___|_   _| |  _ \ / \  / ___|/ ___|| ____|  _ \ 
 (_)_____| |   | | |  _| \___ \ | |   | |_) / _ \ \___ \\___ \|  _| | | | |
  _|_____| |   | | | |___ ___) || |   |  __/ ___ \ ___) |___) | |___| |_| |
 (_)     | |   |_| |_____|____/ |_|   |_| /_/   \_\____/|____/|_____|____/ 
        /_/                                                                

TEST PASSED: search for a automation course
----------------------------------------------------------------------------
]]></system-err>
</testsuite>
